
*** Running vivado
    with args -log top_module.vds -m64 -product Vivado -mode batch -messageDb vivado.pb -notrace -source top_module.tcl


****** Vivado v2018.3 (64-bit)
  **** SW Build 2405991 on Thu Dec  6 23:38:27 MST 2018
  **** IP Build 2404404 on Fri Dec  7 01:43:56 MST 2018
    ** Copyright 1986-2018 Xilinx, Inc. All Rights Reserved.

source top_module.tcl -notrace
Command: synth_design -top top_module -part xc7a50tcsg325-1
Starting synth_design
Attempting to get a license for feature 'Synthesis' and/or device 'xc7a50t'
INFO: [Common 17-349] Got license for feature 'Synthesis' and/or device 'xc7a50t'
INFO: Launching helper process for spawning children vivado processes
INFO: Helper process launched with PID 5772 
---------------------------------------------------------------------------------
Starting Synthesize : Time (s): cpu = 00:00:02 ; elapsed = 00:00:03 . Memory (MB): peak = 431.168 ; gain = 99.289
---------------------------------------------------------------------------------
INFO: [Synth 8-6157] synthesizing module 'top_module' [C:/Users/acer/IChip-PS2/IChip-PS2.srcs/sources_1/new/design.v:24]
INFO: [Synth 8-6157] synthesizing module 'majority' [C:/Users/acer/IChip-PS2/IChip-PS2.srcs/sources_1/new/design.v:71]
INFO: [Synth 8-6155] done synthesizing module 'majority' (1#1) [C:/Users/acer/IChip-PS2/IChip-PS2.srcs/sources_1/new/design.v:71]
INFO: [Synth 8-6155] done synthesizing module 'top_module' (2#1) [C:/Users/acer/IChip-PS2/IChip-PS2.srcs/sources_1/new/design.v:24]
---------------------------------------------------------------------------------
Finished Synthesize : Time (s): cpu = 00:00:03 ; elapsed = 00:00:04 . Memory (MB): peak = 487.066 ; gain = 155.188
---------------------------------------------------------------------------------
---------------------------------------------------------------------------------
Finished Constraint Validation : Time (s): cpu = 00:00:03 ; elapsed = 00:00:04 . Memory (MB): peak = 487.066 ; gain = 155.188
---------------------------------------------------------------------------------
---------------------------------------------------------------------------------
Start Loading Part and Timing Information
---------------------------------------------------------------------------------
Loading part: xc7a50tcsg325-1
---------------------------------------------------------------------------------
Finished Loading Part and Timing Information : Time (s): cpu = 00:00:03 ; elapsed = 00:00:04 . Memory (MB): peak = 487.066 ; gain = 155.188
---------------------------------------------------------------------------------
INFO: [Device 21-403] Loading part xc7a50tcsg325-1
---------------------------------------------------------------------------------
Finished RTL Optimization Phase 2 : Time (s): cpu = 00:00:03 ; elapsed = 00:00:04 . Memory (MB): peak = 487.066 ; gain = 155.188
---------------------------------------------------------------------------------

Report RTL Partitions: 
+-+--------------+------------+----------+
| |RTL Partition |Replication |Instances |
+-+--------------+------------+----------+
+-+--------------+------------+----------+
No constraint files found.
---------------------------------------------------------------------------------
Start RTL Component Statistics 
---------------------------------------------------------------------------------
Detailed RTL Component Info : 
+---Adders : 
	   2 Input      9 Bit       Adders := 1     
+---XORs : 
	   3 Input      1 Bit         XORs := 1     
	   4 Input      1 Bit         XORs := 2     
	   2 Input      1 Bit         XORs := 7     
+---Registers : 
	                9 Bit    Registers := 1     
+---Muxes : 
	   2 Input     23 Bit        Muxes := 4     
	   2 Input     22 Bit        Muxes := 4     
	   2 Input     19 Bit        Muxes := 4     
	   8 Input      1 Bit        Muxes := 1     
---------------------------------------------------------------------------------
Finished RTL Component Statistics 
---------------------------------------------------------------------------------
---------------------------------------------------------------------------------
Start RTL Hierarchical Component Statistics 
---------------------------------------------------------------------------------
Hierarchical RTL Component report 
Module top_module 
Detailed RTL Component Info : 
+---Adders : 
	   2 Input      9 Bit       Adders := 1     
+---XORs : 
	   3 Input      1 Bit         XORs := 1     
	   4 Input      1 Bit         XORs := 2     
	   2 Input      1 Bit         XORs := 7     
+---Registers : 
	                9 Bit    Registers := 1     
+---Muxes : 
	   2 Input     23 Bit        Muxes := 4     
	   2 Input     22 Bit        Muxes := 4     
	   2 Input     19 Bit        Muxes := 4     
Module majority 
Detailed RTL Component Info : 
+---Muxes : 
	   8 Input      1 Bit        Muxes := 1     
---------------------------------------------------------------------------------
Finished RTL Hierarchical Component Statistics
---------------------------------------------------------------------------------
---------------------------------------------------------------------------------
Start Part Resource Summary
---------------------------------------------------------------------------------
Part Resources:
DSPs: 120 (col length:60)
BRAMs: 150 (col length: RAMB18 60 RAMB36 30)
---------------------------------------------------------------------------------
Finished Part Resource Summary
---------------------------------------------------------------------------------
No constraint files found.
---------------------------------------------------------------------------------
Start Cross Boundary and Area Optimization
---------------------------------------------------------------------------------
Warning: Parallel synthesis criteria is not met 
---------------------------------------------------------------------------------
Finished Cross Boundary and Area Optimization : Time (s): cpu = 00:00:05 ; elapsed = 00:00:08 . Memory (MB): peak = 628.102 ; gain = 296.223
---------------------------------------------------------------------------------

Report RTL Partitions: 
+-+--------------+------------+----------+
| |RTL Partition |Replication |Instances |
+-+--------------+------------+----------+
+-+--------------+------------+----------+
No constraint files found.
---------------------------------------------------------------------------------
Start Timing Optimization
---------------------------------------------------------------------------------
---------------------------------------------------------------------------------
Finished Timing Optimization : Time (s): cpu = 00:00:05 ; elapsed = 00:00:08 . Memory (MB): peak = 628.102 ; gain = 296.223
---------------------------------------------------------------------------------

Report RTL Partitions: 
+-+--------------+------------+----------+
| |RTL Partition |Replication |Instances |
+-+--------------+------------+----------+
+-+--------------+------------+----------+
---------------------------------------------------------------------------------
Start Technology Mapping
---------------------------------------------------------------------------------
---------------------------------------------------------------------------------
Finished Technology Mapping : Time (s): cpu = 00:00:05 ; elapsed = 00:00:08 . Memory (MB): peak = 628.102 ; gain = 296.223
---------------------------------------------------------------------------------

Report RTL Partitions: 
+-+--------------+------------+----------+
| |RTL Partition |Replication |Instances |
+-+--------------+------------+----------+
+-+--------------+------------+----------+
---------------------------------------------------------------------------------
Start IO Insertion
---------------------------------------------------------------------------------
---------------------------------------------------------------------------------
Start Flattening Before IO Insertion
---------------------------------------------------------------------------------
---------------------------------------------------------------------------------
Finished Flattening Before IO Insertion
---------------------------------------------------------------------------------
---------------------------------------------------------------------------------
Start Final Netlist Cleanup
---------------------------------------------------------------------------------
---------------------------------------------------------------------------------
Finished Final Netlist Cleanup
---------------------------------------------------------------------------------
---------------------------------------------------------------------------------
Finished IO Insertion : Time (s): cpu = 00:00:06 ; elapsed = 00:00:09 . Memory (MB): peak = 628.102 ; gain = 296.223
---------------------------------------------------------------------------------
CRITICAL WARNING: [Synth 8-6859] multi-driven net on pin lfsr1_OBUF[18] with 1st driver pin 'lfsr1_reg[18]/Q' [C:/Users/acer/IChip-PS2/IChip-PS2.srcs/sources_1/new/design.v:63]
CRITICAL WARNING: [Synth 8-6859] multi-driven net on pin lfsr1_OBUF[18] with 2nd driver pin 'lfsr1_reg[18]__0/Q' [C:/Users/acer/IChip-PS2/IChip-PS2.srcs/sources_1/new/design.v:36]
CRITICAL WARNING: [Synth 8-6859] multi-driven net on pin lfsr1_OBUF[17] with 1st driver pin 'lfsr1_reg[17]/Q' [C:/Users/acer/IChip-PS2/IChip-PS2.srcs/sources_1/new/design.v:63]
CRITICAL WARNING: [Synth 8-6859] multi-driven net on pin lfsr1_OBUF[17] with 2nd driver pin 'lfsr1_reg[17]__0/Q' [C:/Users/acer/IChip-PS2/IChip-PS2.srcs/sources_1/new/design.v:36]
CRITICAL WARNING: [Synth 8-6859] multi-driven net on pin lfsr1_OBUF[16] with 1st driver pin 'lfsr1_reg[16]/Q' [C:/Users/acer/IChip-PS2/IChip-PS2.srcs/sources_1/new/design.v:63]
CRITICAL WARNING: [Synth 8-6859] multi-driven net on pin lfsr1_OBUF[16] with 2nd driver pin 'lfsr1_reg[16]__0/Q' [C:/Users/acer/IChip-PS2/IChip-PS2.srcs/sources_1/new/design.v:36]
CRITICAL WARNING: [Synth 8-6859] multi-driven net on pin lfsr1_OBUF[15] with 1st driver pin 'lfsr1_reg[15]/Q' [C:/Users/acer/IChip-PS2/IChip-PS2.srcs/sources_1/new/design.v:63]
CRITICAL WARNING: [Synth 8-6859] multi-driven net on pin lfsr1_OBUF[15] with 2nd driver pin 'lfsr1_reg[15]__0/Q' [C:/Users/acer/IChip-PS2/IChip-PS2.srcs/sources_1/new/design.v:36]
CRITICAL WARNING: [Synth 8-6859] multi-driven net on pin lfsr1_OBUF[14] with 1st driver pin 'lfsr1_reg[14]/Q' [C:/Users/acer/IChip-PS2/IChip-PS2.srcs/sources_1/new/design.v:63]
CRITICAL WARNING: [Synth 8-6859] multi-driven net on pin lfsr1_OBUF[14] with 2nd driver pin 'lfsr1_reg[14]__0/Q' [C:/Users/acer/IChip-PS2/IChip-PS2.srcs/sources_1/new/design.v:36]
CRITICAL WARNING: [Synth 8-6859] multi-driven net on pin lfsr1_OBUF[13] with 1st driver pin 'lfsr1_reg[13]/Q' [C:/Users/acer/IChip-PS2/IChip-PS2.srcs/sources_1/new/design.v:63]
CRITICAL WARNING: [Synth 8-6859] multi-driven net on pin lfsr1_OBUF[13] with 2nd driver pin 'lfsr1_reg[13]__0/Q' [C:/Users/acer/IChip-PS2/IChip-PS2.srcs/sources_1/new/design.v:36]
CRITICAL WARNING: [Synth 8-6859] multi-driven net on pin lfsr1_OBUF[12] with 1st driver pin 'lfsr1_reg[12]/Q' [C:/Users/acer/IChip-PS2/IChip-PS2.srcs/sources_1/new/design.v:63]
CRITICAL WARNING: [Synth 8-6859] multi-driven net on pin lfsr1_OBUF[12] with 2nd driver pin 'lfsr1_reg[12]__0/Q' [C:/Users/acer/IChip-PS2/IChip-PS2.srcs/sources_1/new/design.v:36]
CRITICAL WARNING: [Synth 8-6859] multi-driven net on pin lfsr1_OBUF[11] with 1st driver pin 'lfsr1_reg[11]/Q' [C:/Users/acer/IChip-PS2/IChip-PS2.srcs/sources_1/new/design.v:63]
CRITICAL WARNING: [Synth 8-6859] multi-driven net on pin lfsr1_OBUF[11] with 2nd driver pin 'lfsr1_reg[11]__0/Q' [C:/Users/acer/IChip-PS2/IChip-PS2.srcs/sources_1/new/design.v:36]
CRITICAL WARNING: [Synth 8-6859] multi-driven net on pin lfsr1_OBUF[10] with 1st driver pin 'lfsr1_reg[10]/Q' [C:/Users/acer/IChip-PS2/IChip-PS2.srcs/sources_1/new/design.v:63]
CRITICAL WARNING: [Synth 8-6859] multi-driven net on pin lfsr1_OBUF[10] with 2nd driver pin 'lfsr1_reg[10]__0/Q' [C:/Users/acer/IChip-PS2/IChip-PS2.srcs/sources_1/new/design.v:36]
CRITICAL WARNING: [Synth 8-6859] multi-driven net on pin lfsr1_OBUF[9] with 1st driver pin 'lfsr1_reg[9]/Q' [C:/Users/acer/IChip-PS2/IChip-PS2.srcs/sources_1/new/design.v:63]
CRITICAL WARNING: [Synth 8-6859] multi-driven net on pin lfsr1_OBUF[9] with 2nd driver pin 'lfsr1_reg[9]__0/Q' [C:/Users/acer/IChip-PS2/IChip-PS2.srcs/sources_1/new/design.v:36]
CRITICAL WARNING: [Synth 8-6859] multi-driven net on pin lfsr1_OBUF[8] with 1st driver pin 'lfsr1_reg[8]/Q' [C:/Users/acer/IChip-PS2/IChip-PS2.srcs/sources_1/new/design.v:63]
CRITICAL WARNING: [Synth 8-6859] multi-driven net on pin lfsr1_OBUF[8] with 2nd driver pin 'lfsr1_reg[8]__0/Q' [C:/Users/acer/IChip-PS2/IChip-PS2.srcs/sources_1/new/design.v:36]
CRITICAL WARNING: [Synth 8-6859] multi-driven net on pin lfsr1_OBUF[7] with 1st driver pin 'lfsr1_reg[7]/Q' [C:/Users/acer/IChip-PS2/IChip-PS2.srcs/sources_1/new/design.v:63]
CRITICAL WARNING: [Synth 8-6859] multi-driven net on pin lfsr1_OBUF[7] with 2nd driver pin 'lfsr1_reg[7]__0/Q' [C:/Users/acer/IChip-PS2/IChip-PS2.srcs/sources_1/new/design.v:36]
CRITICAL WARNING: [Synth 8-6859] multi-driven net on pin lfsr1_OBUF[6] with 1st driver pin 'lfsr1_reg[6]/Q' [C:/Users/acer/IChip-PS2/IChip-PS2.srcs/sources_1/new/design.v:63]
CRITICAL WARNING: [Synth 8-6859] multi-driven net on pin lfsr1_OBUF[6] with 2nd driver pin 'lfsr1_reg[6]__0/Q' [C:/Users/acer/IChip-PS2/IChip-PS2.srcs/sources_1/new/design.v:36]
CRITICAL WARNING: [Synth 8-6859] multi-driven net on pin lfsr1_OBUF[5] with 1st driver pin 'lfsr1_reg[5]/Q' [C:/Users/acer/IChip-PS2/IChip-PS2.srcs/sources_1/new/design.v:63]
CRITICAL WARNING: [Synth 8-6859] multi-driven net on pin lfsr1_OBUF[5] with 2nd driver pin 'lfsr1_reg[5]__0/Q' [C:/Users/acer/IChip-PS2/IChip-PS2.srcs/sources_1/new/design.v:36]
CRITICAL WARNING: [Synth 8-6859] multi-driven net on pin lfsr1_OBUF[4] with 1st driver pin 'lfsr1_reg[4]/Q' [C:/Users/acer/IChip-PS2/IChip-PS2.srcs/sources_1/new/design.v:63]
CRITICAL WARNING: [Synth 8-6859] multi-driven net on pin lfsr1_OBUF[4] with 2nd driver pin 'lfsr1_reg[4]__0/Q' [C:/Users/acer/IChip-PS2/IChip-PS2.srcs/sources_1/new/design.v:36]
CRITICAL WARNING: [Synth 8-6859] multi-driven net on pin lfsr1_OBUF[3] with 1st driver pin 'lfsr1_reg[3]/Q' [C:/Users/acer/IChip-PS2/IChip-PS2.srcs/sources_1/new/design.v:63]
CRITICAL WARNING: [Synth 8-6859] multi-driven net on pin lfsr1_OBUF[3] with 2nd driver pin 'lfsr1_reg[3]__0/Q' [C:/Users/acer/IChip-PS2/IChip-PS2.srcs/sources_1/new/design.v:36]
CRITICAL WARNING: [Synth 8-6859] multi-driven net on pin lfsr1_OBUF[2] with 1st driver pin 'lfsr1_reg[2]/Q' [C:/Users/acer/IChip-PS2/IChip-PS2.srcs/sources_1/new/design.v:63]
CRITICAL WARNING: [Synth 8-6859] multi-driven net on pin lfsr1_OBUF[2] with 2nd driver pin 'lfsr1_reg[2]__0/Q' [C:/Users/acer/IChip-PS2/IChip-PS2.srcs/sources_1/new/design.v:36]
CRITICAL WARNING: [Synth 8-6859] multi-driven net on pin lfsr1_OBUF[1] with 1st driver pin 'lfsr1_reg[1]/Q' [C:/Users/acer/IChip-PS2/IChip-PS2.srcs/sources_1/new/design.v:63]
CRITICAL WARNING: [Synth 8-6859] multi-driven net on pin lfsr1_OBUF[1] with 2nd driver pin 'lfsr1_reg[1]__0/Q' [C:/Users/acer/IChip-PS2/IChip-PS2.srcs/sources_1/new/design.v:36]
CRITICAL WARNING: [Synth 8-6859] multi-driven net on pin lfsr1_OBUF[0] with 1st driver pin 'lfsr1_reg[0]/Q' [C:/Users/acer/IChip-PS2/IChip-PS2.srcs/sources_1/new/design.v:63]
CRITICAL WARNING: [Synth 8-6859] multi-driven net on pin lfsr1_OBUF[0] with 2nd driver pin 'lfsr1_reg[0]__0/Q' [C:/Users/acer/IChip-PS2/IChip-PS2.srcs/sources_1/new/design.v:36]
CRITICAL WARNING: [Synth 8-6859] multi-driven net on pin lfsr2_OBUF[21] with 1st driver pin 'lfsr2_reg[21]/Q' [C:/Users/acer/IChip-PS2/IChip-PS2.srcs/sources_1/new/design.v:64]
CRITICAL WARNING: [Synth 8-6859] multi-driven net on pin lfsr2_OBUF[21] with 2nd driver pin 'lfsr2_reg[21]__0/Q' [C:/Users/acer/IChip-PS2/IChip-PS2.srcs/sources_1/new/design.v:37]
CRITICAL WARNING: [Synth 8-6859] multi-driven net on pin lfsr2_OBUF[20] with 1st driver pin 'lfsr2_reg[20]/Q' [C:/Users/acer/IChip-PS2/IChip-PS2.srcs/sources_1/new/design.v:64]
CRITICAL WARNING: [Synth 8-6859] multi-driven net on pin lfsr2_OBUF[20] with 2nd driver pin 'lfsr2_reg[20]__0/Q' [C:/Users/acer/IChip-PS2/IChip-PS2.srcs/sources_1/new/design.v:37]
CRITICAL WARNING: [Synth 8-6859] multi-driven net on pin lfsr2_OBUF[19] with 1st driver pin 'lfsr2_reg[19]/Q' [C:/Users/acer/IChip-PS2/IChip-PS2.srcs/sources_1/new/design.v:64]
CRITICAL WARNING: [Synth 8-6859] multi-driven net on pin lfsr2_OBUF[19] with 2nd driver pin 'lfsr2_reg[19]__0/Q' [C:/Users/acer/IChip-PS2/IChip-PS2.srcs/sources_1/new/design.v:37]
CRITICAL WARNING: [Synth 8-6859] multi-driven net on pin lfsr2_OBUF[18] with 1st driver pin 'lfsr2_reg[18]/Q' [C:/Users/acer/IChip-PS2/IChip-PS2.srcs/sources_1/new/design.v:64]
CRITICAL WARNING: [Synth 8-6859] multi-driven net on pin lfsr2_OBUF[18] with 2nd driver pin 'lfsr2_reg[18]__0/Q' [C:/Users/acer/IChip-PS2/IChip-PS2.srcs/sources_1/new/design.v:37]
CRITICAL WARNING: [Synth 8-6859] multi-driven net on pin lfsr2_OBUF[17] with 1st driver pin 'lfsr2_reg[17]/Q' [C:/Users/acer/IChip-PS2/IChip-PS2.srcs/sources_1/new/design.v:64]
CRITICAL WARNING: [Synth 8-6859] multi-driven net on pin lfsr2_OBUF[17] with 2nd driver pin 'lfsr2_reg[17]__0/Q' [C:/Users/acer/IChip-PS2/IChip-PS2.srcs/sources_1/new/design.v:37]
CRITICAL WARNING: [Synth 8-6859] multi-driven net on pin lfsr2_OBUF[16] with 1st driver pin 'lfsr2_reg[16]/Q' [C:/Users/acer/IChip-PS2/IChip-PS2.srcs/sources_1/new/design.v:64]
CRITICAL WARNING: [Synth 8-6859] multi-driven net on pin lfsr2_OBUF[16] with 2nd driver pin 'lfsr2_reg[16]__0/Q' [C:/Users/acer/IChip-PS2/IChip-PS2.srcs/sources_1/new/design.v:37]
CRITICAL WARNING: [Synth 8-6859] multi-driven net on pin lfsr2_OBUF[15] with 1st driver pin 'lfsr2_reg[15]/Q' [C:/Users/acer/IChip-PS2/IChip-PS2.srcs/sources_1/new/design.v:64]
CRITICAL WARNING: [Synth 8-6859] multi-driven net on pin lfsr2_OBUF[15] with 2nd driver pin 'lfsr2_reg[15]__0/Q' [C:/Users/acer/IChip-PS2/IChip-PS2.srcs/sources_1/new/design.v:37]
CRITICAL WARNING: [Synth 8-6859] multi-driven net on pin lfsr2_OBUF[14] with 1st driver pin 'lfsr2_reg[14]/Q' [C:/Users/acer/IChip-PS2/IChip-PS2.srcs/sources_1/new/design.v:64]
CRITICAL WARNING: [Synth 8-6859] multi-driven net on pin lfsr2_OBUF[14] with 2nd driver pin 'lfsr2_reg[14]__0/Q' [C:/Users/acer/IChip-PS2/IChip-PS2.srcs/sources_1/new/design.v:37]
CRITICAL WARNING: [Synth 8-6859] multi-driven net on pin lfsr2_OBUF[13] with 1st driver pin 'lfsr2_reg[13]/Q' [C:/Users/acer/IChip-PS2/IChip-PS2.srcs/sources_1/new/design.v:64]
CRITICAL WARNING: [Synth 8-6859] multi-driven net on pin lfsr2_OBUF[13] with 2nd driver pin 'lfsr2_reg[13]__0/Q' [C:/Users/acer/IChip-PS2/IChip-PS2.srcs/sources_1/new/design.v:37]
CRITICAL WARNING: [Synth 8-6859] multi-driven net on pin lfsr2_OBUF[12] with 1st driver pin 'lfsr2_reg[12]/Q' [C:/Users/acer/IChip-PS2/IChip-PS2.srcs/sources_1/new/design.v:64]
CRITICAL WARNING: [Synth 8-6859] multi-driven net on pin lfsr2_OBUF[12] with 2nd driver pin 'lfsr2_reg[12]__0/Q' [C:/Users/acer/IChip-PS2/IChip-PS2.srcs/sources_1/new/design.v:37]
CRITICAL WARNING: [Synth 8-6859] multi-driven net on pin lfsr2_OBUF[11] with 1st driver pin 'lfsr2_reg[11]/Q' [C:/Users/acer/IChip-PS2/IChip-PS2.srcs/sources_1/new/design.v:64]
CRITICAL WARNING: [Synth 8-6859] multi-driven net on pin lfsr2_OBUF[11] with 2nd driver pin 'lfsr2_reg[11]__0/Q' [C:/Users/acer/IChip-PS2/IChip-PS2.srcs/sources_1/new/design.v:37]
CRITICAL WARNING: [Synth 8-6859] multi-driven net on pin lfsr2_OBUF[10] with 1st driver pin 'lfsr2_reg[10]/Q' [C:/Users/acer/IChip-PS2/IChip-PS2.srcs/sources_1/new/design.v:64]
CRITICAL WARNING: [Synth 8-6859] multi-driven net on pin lfsr2_OBUF[10] with 2nd driver pin 'lfsr2_reg[10]__0/Q' [C:/Users/acer/IChip-PS2/IChip-PS2.srcs/sources_1/new/design.v:37]
CRITICAL WARNING: [Synth 8-6859] multi-driven net on pin lfsr2_OBUF[9] with 1st driver pin 'lfsr2_reg[9]/Q' [C:/Users/acer/IChip-PS2/IChip-PS2.srcs/sources_1/new/design.v:64]
CRITICAL WARNING: [Synth 8-6859] multi-driven net on pin lfsr2_OBUF[9] with 2nd driver pin 'lfsr2_reg[9]__0/Q' [C:/Users/acer/IChip-PS2/IChip-PS2.srcs/sources_1/new/design.v:37]
CRITICAL WARNING: [Synth 8-6859] multi-driven net on pin lfsr2_OBUF[8] with 1st driver pin 'lfsr2_reg[8]/Q' [C:/Users/acer/IChip-PS2/IChip-PS2.srcs/sources_1/new/design.v:64]
CRITICAL WARNING: [Synth 8-6859] multi-driven net on pin lfsr2_OBUF[8] with 2nd driver pin 'lfsr2_reg[8]__0/Q' [C:/Users/acer/IChip-PS2/IChip-PS2.srcs/sources_1/new/design.v:37]
CRITICAL WARNING: [Synth 8-6859] multi-driven net on pin lfsr2_OBUF[7] with 1st driver pin 'lfsr2_reg[7]/Q' [C:/Users/acer/IChip-PS2/IChip-PS2.srcs/sources_1/new/design.v:64]
CRITICAL WARNING: [Synth 8-6859] multi-driven net on pin lfsr2_OBUF[7] with 2nd driver pin 'lfsr2_reg[7]__0/Q' [C:/Users/acer/IChip-PS2/IChip-PS2.srcs/sources_1/new/design.v:37]
CRITICAL WARNING: [Synth 8-6859] multi-driven net on pin lfsr2_OBUF[6] with 1st driver pin 'lfsr2_reg[6]/Q' [C:/Users/acer/IChip-PS2/IChip-PS2.srcs/sources_1/new/design.v:64]
CRITICAL WARNING: [Synth 8-6859] multi-driven net on pin lfsr2_OBUF[6] with 2nd driver pin 'lfsr2_reg[6]__0/Q' [C:/Users/acer/IChip-PS2/IChip-PS2.srcs/sources_1/new/design.v:37]
CRITICAL WARNING: [Synth 8-6859] multi-driven net on pin lfsr2_OBUF[5] with 1st driver pin 'lfsr2_reg[5]/Q' [C:/Users/acer/IChip-PS2/IChip-PS2.srcs/sources_1/new/design.v:64]
CRITICAL WARNING: [Synth 8-6859] multi-driven net on pin lfsr2_OBUF[5] with 2nd driver pin 'lfsr2_reg[5]__0/Q' [C:/Users/acer/IChip-PS2/IChip-PS2.srcs/sources_1/new/design.v:37]
CRITICAL WARNING: [Synth 8-6859] multi-driven net on pin lfsr2_OBUF[4] with 1st driver pin 'lfsr2_reg[4]/Q' [C:/Users/acer/IChip-PS2/IChip-PS2.srcs/sources_1/new/design.v:64]
CRITICAL WARNING: [Synth 8-6859] multi-driven net on pin lfsr2_OBUF[4] with 2nd driver pin 'lfsr2_reg[4]__0/Q' [C:/Users/acer/IChip-PS2/IChip-PS2.srcs/sources_1/new/design.v:37]
CRITICAL WARNING: [Synth 8-6859] multi-driven net on pin lfsr2_OBUF[3] with 1st driver pin 'lfsr2_reg[3]/Q' [C:/Users/acer/IChip-PS2/IChip-PS2.srcs/sources_1/new/design.v:64]
CRITICAL WARNING: [Synth 8-6859] multi-driven net on pin lfsr2_OBUF[3] with 2nd driver pin 'lfsr2_reg[3]__0/Q' [C:/Users/acer/IChip-PS2/IChip-PS2.srcs/sources_1/new/design.v:37]
CRITICAL WARNING: [Synth 8-6859] multi-driven net on pin lfsr2_OBUF[2] with 1st driver pin 'lfsr2_reg[2]/Q' [C:/Users/acer/IChip-PS2/IChip-PS2.srcs/sources_1/new/design.v:64]
CRITICAL WARNING: [Synth 8-6859] multi-driven net on pin lfsr2_OBUF[2] with 2nd driver pin 'lfsr2_reg[2]__0/Q' [C:/Users/acer/IChip-PS2/IChip-PS2.srcs/sources_1/new/design.v:37]
CRITICAL WARNING: [Synth 8-6859] multi-driven net on pin lfsr2_OBUF[1] with 1st driver pin 'lfsr2_reg[1]/Q' [C:/Users/acer/IChip-PS2/IChip-PS2.srcs/sources_1/new/design.v:64]
CRITICAL WARNING: [Synth 8-6859] multi-driven net on pin lfsr2_OBUF[1] with 2nd driver pin 'lfsr2_reg[1]__0/Q' [C:/Users/acer/IChip-PS2/IChip-PS2.srcs/sources_1/new/design.v:37]
CRITICAL WARNING: [Synth 8-6859] multi-driven net on pin lfsr2_OBUF[0] with 1st driver pin 'lfsr2_reg[0]/Q' [C:/Users/acer/IChip-PS2/IChip-PS2.srcs/sources_1/new/design.v:64]
CRITICAL WARNING: [Synth 8-6859] multi-driven net on pin lfsr2_OBUF[0] with 2nd driver pin 'lfsr2_reg[0]__0/Q' [C:/Users/acer/IChip-PS2/IChip-PS2.srcs/sources_1/new/design.v:37]
CRITICAL WARNING: [Synth 8-6859] multi-driven net on pin lfsr3_OBUF[22] with 1st driver pin 'lfsr3_reg[22]/Q' [C:/Users/acer/IChip-PS2/IChip-PS2.srcs/sources_1/new/design.v:65]
CRITICAL WARNING: [Synth 8-6859] multi-driven net on pin lfsr3_OBUF[22] with 2nd driver pin 'lfsr3_reg[22]__0/Q' [C:/Users/acer/IChip-PS2/IChip-PS2.srcs/sources_1/new/design.v:38]
CRITICAL WARNING: [Synth 8-6859] multi-driven net on pin lfsr3_OBUF[21] with 1st driver pin 'lfsr3_reg[21]/Q' [C:/Users/acer/IChip-PS2/IChip-PS2.srcs/sources_1/new/design.v:65]
CRITICAL WARNING: [Synth 8-6859] multi-driven net on pin lfsr3_OBUF[21] with 2nd driver pin 'lfsr3_reg[21]__0/Q' [C:/Users/acer/IChip-PS2/IChip-PS2.srcs/sources_1/new/design.v:38]
CRITICAL WARNING: [Synth 8-6859] multi-driven net on pin lfsr3_OBUF[20] with 1st driver pin 'lfsr3_reg[20]/Q' [C:/Users/acer/IChip-PS2/IChip-PS2.srcs/sources_1/new/design.v:65]
CRITICAL WARNING: [Synth 8-6859] multi-driven net on pin lfsr3_OBUF[20] with 2nd driver pin 'lfsr3_reg[20]__0/Q' [C:/Users/acer/IChip-PS2/IChip-PS2.srcs/sources_1/new/design.v:38]
CRITICAL WARNING: [Synth 8-6859] multi-driven net on pin lfsr3_OBUF[19] with 1st driver pin 'lfsr3_reg[19]/Q' [C:/Users/acer/IChip-PS2/IChip-PS2.srcs/sources_1/new/design.v:65]
CRITICAL WARNING: [Synth 8-6859] multi-driven net on pin lfsr3_OBUF[19] with 2nd driver pin 'lfsr3_reg[19]__0/Q' [C:/Users/acer/IChip-PS2/IChip-PS2.srcs/sources_1/new/design.v:38]
CRITICAL WARNING: [Synth 8-6859] multi-driven net on pin lfsr3_OBUF[18] with 1st driver pin 'lfsr3_reg[18]/Q' [C:/Users/acer/IChip-PS2/IChip-PS2.srcs/sources_1/new/design.v:65]
CRITICAL WARNING: [Synth 8-6859] multi-driven net on pin lfsr3_OBUF[18] with 2nd driver pin 'lfsr3_reg[18]__0/Q' [C:/Users/acer/IChip-PS2/IChip-PS2.srcs/sources_1/new/design.v:38]
CRITICAL WARNING: [Synth 8-6859] multi-driven net on pin lfsr3_OBUF[17] with 1st driver pin 'lfsr3_reg[17]/Q' [C:/Users/acer/IChip-PS2/IChip-PS2.srcs/sources_1/new/design.v:65]
CRITICAL WARNING: [Synth 8-6859] multi-driven net on pin lfsr3_OBUF[17] with 2nd driver pin 'lfsr3_reg[17]__0/Q' [C:/Users/acer/IChip-PS2/IChip-PS2.srcs/sources_1/new/design.v:38]
CRITICAL WARNING: [Synth 8-6859] multi-driven net on pin lfsr3_OBUF[16] with 1st driver pin 'lfsr3_reg[16]/Q' [C:/Users/acer/IChip-PS2/IChip-PS2.srcs/sources_1/new/design.v:65]
CRITICAL WARNING: [Synth 8-6859] multi-driven net on pin lfsr3_OBUF[16] with 2nd driver pin 'lfsr3_reg[16]__0/Q' [C:/Users/acer/IChip-PS2/IChip-PS2.srcs/sources_1/new/design.v:38]
CRITICAL WARNING: [Synth 8-6859] multi-driven net on pin lfsr3_OBUF[15] with 1st driver pin 'lfsr3_reg[15]/Q' [C:/Users/acer/IChip-PS2/IChip-PS2.srcs/sources_1/new/design.v:65]
CRITICAL WARNING: [Synth 8-6859] multi-driven net on pin lfsr3_OBUF[15] with 2nd driver pin 'lfsr3_reg[15]__0/Q' [C:/Users/acer/IChip-PS2/IChip-PS2.srcs/sources_1/new/design.v:38]
CRITICAL WARNING: [Synth 8-6859] multi-driven net on pin lfsr3_OBUF[14] with 1st driver pin 'lfsr3_reg[14]/Q' [C:/Users/acer/IChip-PS2/IChip-PS2.srcs/sources_1/new/design.v:65]
CRITICAL WARNING: [Synth 8-6859] multi-driven net on pin lfsr3_OBUF[14] with 2nd driver pin 'lfsr3_reg[14]__0/Q' [C:/Users/acer/IChip-PS2/IChip-PS2.srcs/sources_1/new/design.v:38]
INFO: [Common 17-14] Message 'Synth 8-6859' appears 100 times and further instances of the messages will be disabled. Use the Tcl command set_msg_config to change the current settings.

Report Check Netlist: 
+------+------------------+-------+---------+-------+------------------+
|      |Item              |Errors |Warnings |Status |Description       |
+------+------------------+-------+---------+-------+------------------+
|1     |multi_driven_nets |      0|       64|Failed |Multi driven nets |
+------+------------------+-------+---------+-------+------------------+
---------------------------------------------------------------------------------
Start Renaming Generated Instances
---------------------------------------------------------------------------------
---------------------------------------------------------------------------------
Finished Renaming Generated Instances : Time (s): cpu = 00:00:06 ; elapsed = 00:00:09 . Memory (MB): peak = 628.102 ; gain = 296.223
---------------------------------------------------------------------------------

Report RTL Partitions: 
+-+--------------+------------+----------+
| |RTL Partition |Replication |Instances |
+-+--------------+------------+----------+
+-+--------------+------------+----------+
---------------------------------------------------------------------------------
Start Rebuilding User Hierarchy
---------------------------------------------------------------------------------
---------------------------------------------------------------------------------
Finished Rebuilding User Hierarchy : Time (s): cpu = 00:00:06 ; elapsed = 00:00:09 . Memory (MB): peak = 628.102 ; gain = 296.223
---------------------------------------------------------------------------------
---------------------------------------------------------------------------------
Start Renaming Generated Ports
---------------------------------------------------------------------------------
---------------------------------------------------------------------------------
Finished Renaming Generated Ports : Time (s): cpu = 00:00:06 ; elapsed = 00:00:09 . Memory (MB): peak = 628.102 ; gain = 296.223
---------------------------------------------------------------------------------
---------------------------------------------------------------------------------
Start Handling Custom Attributes
---------------------------------------------------------------------------------
---------------------------------------------------------------------------------
Finished Handling Custom Attributes : Time (s): cpu = 00:00:06 ; elapsed = 00:00:09 . Memory (MB): peak = 628.102 ; gain = 296.223
---------------------------------------------------------------------------------
---------------------------------------------------------------------------------
Start Renaming Generated Nets
---------------------------------------------------------------------------------
---------------------------------------------------------------------------------
Finished Renaming Generated Nets : Time (s): cpu = 00:00:06 ; elapsed = 00:00:09 . Memory (MB): peak = 628.102 ; gain = 296.223
---------------------------------------------------------------------------------
---------------------------------------------------------------------------------
Start Writing Synthesis Report
---------------------------------------------------------------------------------

Report BlackBoxes: 
+-+--------------+----------+
| |BlackBox name |Instances |
+-+--------------+----------+
+-+--------------+----------+

Report Cell Usage: 
+------+------+------+
|      |Cell  |Count |
+------+------+------+
|1     |BUFG  |     2|
|2     |LUT1  |     1|
|3     |LUT2  |     4|
|4     |LUT3  |     8|
|5     |LUT4  |     4|
|6     |LUT5  |    57|
|7     |LUT6  |    33|
|8     |MUXF7 |     8|
|9     |FDRE  |   137|
|10    |IBUF  |    66|
|11    |OBUF  |    65|
+------+------+------+

Report Instance Areas: 
+------+---------+-------+------+
|      |Instance |Module |Cells |
+------+---------+-------+------+
|1     |top      |       |   385|
+------+---------+-------+------+
---------------------------------------------------------------------------------
Finished Writing Synthesis Report : Time (s): cpu = 00:00:06 ; elapsed = 00:00:09 . Memory (MB): peak = 628.102 ; gain = 296.223
---------------------------------------------------------------------------------
Synthesis finished with 0 errors, 128 critical warnings and 0 warnings.
Synthesis Optimization Runtime : Time (s): cpu = 00:00:06 ; elapsed = 00:00:09 . Memory (MB): peak = 628.102 ; gain = 296.223
Synthesis Optimization Complete : Time (s): cpu = 00:00:06 ; elapsed = 00:00:09 . Memory (MB): peak = 628.102 ; gain = 296.223
INFO: [Project 1-571] Translating synthesized netlist
INFO: [Netlist 29-17] Analyzing 8 Unisim elements for replacement
INFO: [Netlist 29-28] Unisim Transformation completed in 0 CPU seconds
INFO: [Project 1-570] Preparing netlist for logic optimization
INFO: [Opt 31-138] Pushed 0 inverter(s) to 0 load pin(s).
Netlist sorting complete. Time (s): cpu = 00:00:00 ; elapsed = 00:00:00.001 . Memory (MB): peak = 725.559 ; gain = 0.000
INFO: [Project 1-111] Unisim Transformation Summary:
No Unisim elements were transformed.

INFO: [Common 17-83] Releasing license: Synthesis
14 Infos, 0 Warnings, 100 Critical Warnings and 0 Errors encountered.
synth_design completed successfully
synth_design: Time (s): cpu = 00:00:10 ; elapsed = 00:00:16 . Memory (MB): peak = 725.559 ; gain = 406.711
Netlist sorting complete. Time (s): cpu = 00:00:00 ; elapsed = 00:00:00 . Memory (MB): peak = 725.559 ; gain = 0.000
WARNING: [Constraints 18-5210] No constraints selected for write.
Resolution: This message can indicate that there are no constraints for the design, or it can indicate that the used_in flags are set such that the constraints are ignored. This later case is used when running synth_design to not write synthesis constraints to the resulting checkpoint. Instead, project constraints are read when the synthesized design is opened.
INFO: [Common 17-1381] The checkpoint 'C:/Users/acer/IChip-PS2/IChip-PS2.runs/synth_1/top_module.dcp' has been generated.
INFO: [runtcl-4] Executing : report_utilization -file top_module_utilization_synth.rpt -pb top_module_utilization_synth.pb
INFO: [Common 17-206] Exiting Vivado at Mon Apr 18 01:02:46 2022...
